2025-12-10 23:24:11,877 - INFO - [2025-12-10 23:24:11] [INFO] Вызов функции get_currencies_file(['USD', 'XYZ'])
2025-12-10 23:24:12,120 - INFO - [2025-12-10 23:24:12] [INFO] Функция get_currencies_file завершена успешно. Результат: {'USD': 77.8998, 'XYZ': "Код валюты 'XYZ' не найден"}
2025-12-10 23:24:36,173 - INFO - [2025-12-10 23:24:36] [INFO] Вызов функции get_currencies_file(['USD', 'XYZ'])
2025-12-10 23:24:36,401 - INFO - [2025-12-10 23:24:36] [INFO] Функция get_currencies_file завершена успешно. Результат: {'USD': 77.8998, 'XYZ': "Код валюты 'XYZ' не найден"}
2025-12-11 00:14:53,227 - INFO - [2025-12-11 00:14:53] [INFO] Вызов функции get_currencies_file(['USD', 'XYZ'])
2025-12-11 00:14:53,442 - INFO - [2025-12-11 00:14:53] [INFO] Функция get_currencies_file завершена успешно. Результат: {'USD': 77.8998, 'XYZ': "Код валюты 'XYZ' не найден"}
2025-12-11 00:15:24,320 - INFO - [2025-12-11 00:15:24] [INFO] Вызов функции get_currencies_file(['USD', 'XYZ'])
2025-12-11 00:15:24,557 - INFO - [2025-12-11 00:15:24] [INFO] Функция get_currencies_file завершена успешно. Результат: {'USD': 77.8998, 'XYZ': "Код валюты 'XYZ' не найден"}
2025-12-11 00:20:51,799 - INFO - [2025-12-11 00:20:51] [INFO] Вызов функции solve_quadratic(1, -3, 2)
2025-12-11 00:20:51,799 - INFO - INFO: Два корня: x1=2.0, x2=1.0
2025-12-11 00:20:51,799 - INFO - [2025-12-11 00:20:51] [INFO] Функция solve_quadratic завершена успешно. Результат: [2.0, 1.0]
2025-12-11 00:20:51,799 - INFO - [2025-12-11 00:20:51] [INFO] Вызов функции solve_quadratic(1, 1, 1)
2025-12-11 00:20:51,799 - WARNING - WARNING: Дискриминант отрицательный (D=-3). Корней нет.
2025-12-11 00:20:51,799 - INFO - [2025-12-11 00:20:51] [INFO] Функция solve_quadratic завершена успешно. Результат: []
2025-12-11 00:20:51,799 - INFO - [2025-12-11 00:20:51] [INFO] Вызов функции solve_quadratic('abc', 5, 5)
2025-12-11 00:20:51,799 - ERROR - ERROR: Некорректные типы данных: a=abc, b=5, c=5
2025-12-11 00:20:51,799 - ERROR - [2025-12-11 00:20:51] [ERROR] TypeError: Коэффициенты должны быть числами
2025-12-11 00:20:51,799 - INFO - [2025-12-11 00:20:51] [INFO] Вызов функции solve_quadratic(0, 0, 64)
2025-12-11 00:20:51,799 - CRITICAL - CRITICAL: Оба коэффициента a и b равны 0. Уравнение не имеет смысла.
2025-12-11 00:20:51,799 - ERROR - [2025-12-11 00:20:51] [ERROR] ValueError: a и b равны 0
